INFO:root:Starting Midas with the following args: {'move': None, 'logs': './midas.log', 'yararules': './midasyararules.yar', 'sleep': 15, 'Path': '../Desktop/VirtualBox_Share/', 'SSDeep': True, 'fullyara': True, 'delete': False}
INFO:root:2012:09:12 13:51:24: Metadata for watchmen_ioc.txt MD5: 5794b5d73d67c9ec4a17026fc25bba81 added to database
INFO:root:2012:09:12 13:51:24: Metadata for 2463.pcap MD5: 21f05fb4940ee39bc5b8a8d13ced67eb added to database
INFO:root:2012:09:12 13:51:25: Metadata for INC-2484-stage1-malware.zip MD5: 62927e8be32bed5d86cdb045a282a948 added to database
INFO:root:2012:09:12 13:51:25: Metadata for sexy_ioc.rar MD5: 5af9b7a7d60897c7addede09c5c151cf added to database
INFO:root:2012:09:12 13:51:25: Metadata for TYBRIN_Dropped_Malware.rar MD5: f72ac6d213485338f093fc00d0ed970f added to database
INFO:root:2012:09:12 13:51:25: Metadata for image‮fdp..scr MD5: dd9990e685f8250e48ad0f8cbfa4839a added to database
INFO:root:2012:09:12 13:51:25: Metadata for wsusservice.dll MD5: 92d37a92138659fa75f45ccb87242910 added to database
INFO:root:2012:09:12 13:51:25: Metadata for KB2690533.exe MD5: 1782ecc4911dff3ca2854b4b3957127e added to database
INFO:root:2012:09:12 13:51:25: Metadata for INC-2343_IOCS.rar MD5: 409dc43bba189cd8e07325ee13b6a0b2 added to database
INFO:root:2012:09:12 13:51:25: Metadata for 88139144411-5-4_attach.1.Chinese Invasion of Vietnam.doc MD5: 5a29a442936b5fa4982293ba7567aa39 added to database
INFO:root:2012:09:12 13:51:25: Metadata for INC-2427_Malware.rar MD5: cd1f0c54b917789e5dc62721e40add54 added to database
INFO:root:2012:09:12 13:51:26: Metadata for Adobe Flash Player (Non-IE)_v11.3.300.270.exe MD5: c254cb5c4ab62dcbb30d9ce6c1a217c9 added to database
INFO:root:2012:09:12 13:51:26: Metadata for ESSM.zip MD5: ddc9039eae11b28ca22f4d76c557ff65 added to database
INFO:root:2012:09:12 13:51:26: Metadata for running_mate.pcap MD5: d2c6ca2cc453acee4d017a00fb90cd7d added to database
INFO:root:2012:09:12 13:51:26: Metadata for Digital Signature Validation.rar (application\rar) 112K.desktop MD5: af5a38f11ec255510dcf08aa1cc7865d added to database
INFO:root:2012:09:12 13:51:26: Metadata for insitu.pcap MD5: 15800e67035101a2d3993aad3d725489 added to database
INFO:root:2012:09:12 13:51:26: Metadata for payment slip.rar MD5: 571c4d9689e08509f1af06233b38f060 added to database
INFO:root:2012:09:12 13:51:27: Metadata for 2461.pcap MD5: 129bab4e7040f2fa370cee8f6034cee5 added to database
INFO:root:2012:09:12 13:51:27: Metadata for wekbyPivy.txt MD5: 99e2ed21c48486a5a0912eeaee2f70da added to database
INFO:root:2012:09:12 13:51:27: Metadata for sexy.pcap MD5: 862056bc18403d3a373a44ed8dfa88bd added to database
INFO:root:2012:09:12 13:51:27: Metadata for Adobe Flash Player (IE)_v11.3.300.270.exe MD5: cc6793cf5c329ebcd33321d0d1d00131 added to database
INFO:root:2012:09:12 13:51:27: Metadata for flash.exe MD5: 92a518a516f15b7140edd8758d062933 added to database
INFO:root:2012:09:12 13:51:27: Metadata for PO-3724-MALWARE.rar MD5: 8b1c849a590519cf70e7e1cc5bbe6580 added to database
INFO:root:2012:09:12 13:51:27: Metadata for index.html MD5: e94944ecce0786cb5794d7f58695e9c6 added to database
INFO:root:2012:09:12 13:51:27: Metadata for fakeDNS.exe MD5: 8dc65a70eba3deed35286c38794ef4c2 added to database
INFO:root:2012:09:12 13:51:28: Metadata for TYBRIN_Malware_and_Pcap.zip MD5: cc6a2e1ab63a5b4e398eb91a1aa01e05 added to database
INFO:root:2012:09:12 13:51:28: Metadata for INC-2484--Stage2---MALWARE.rar MD5: d552c59358e93db0575e815dda1ec149 added to database
INFO:root:2012:09:12 13:51:28: Metadata for iexplore.dmp MD5: 87d72528e43372bf10ed5d788ac84948 added to database
INFO:root:2012:09:12 13:51:28: Metadata for 88139144411-5-4_attach.2.Vietnam vs China Naval Buildup.doc MD5: 9ca8713313bf46d7a3773cda8ffe191d added to database
INFO:root:2012:09:12 13:51:28: Metadata for payment_slip_2.rar MD5: 35f24e43cfcc7a5a9abbd5c5ea9ee7ed added to database
INFO:root:2012:09:12 13:51:28: Metadata for sexy_malware_.rar MD5: 988eb1986d634e0fcf735f1041f79cac added to database
INFO:root:2012:09:12 13:51:28: Metadata for tyn.pcap MD5: 5e3ae976b570def3ad9d4f803186b27c added to database
INFO:root:2012:09:12 13:51:28: Metadata for Claws Annual Report  2011-12_v0.2_Latest.doc MD5: b2c6e6758be86b92a47268b7a338cc8d added to database
INFO:root:2012:09:12 13:51:29: Metadata for jre-7u6-windows-i586.exe MD5: 48f54897524910ce60fba3e124ae7ead added to database
INFO:root:2012:09:12 13:51:29: Metadata for RemovalTool.exe MD5: ebb4ac5bb30b93e38a02683e3e7c98c6 added to database
INFO:root:2012:09:12 13:51:29: Metadata for inc-2484_stage1_inetsim.pcap MD5: 9686b6f31b10f050a679ec566521f492 added to database
INFO:root:2012:09:12 13:51:30: Metadata for AdbeRdr1000_en_US.exe MD5: 287c7918c55385b63602cb9737068ed9 added to database
INFO:root:2012:09:12 13:51:30: Metadata for CIT_2012.rar MD5: ce223c811079249f895ccb02a4697355 added to database
INFO:root:2012:09:12 13:51:31: Metadata for watchmen_dropbox_memdump_strings.txt MD5: 07e9cb98607c7915fa8070277e8ceb6a added to database
WARNING:root:2012:09:12 13:51:31: Yara Matches for inc_2343_dropped_pdf_benign.pdf: [MetaData_PDF_Test, MetaData_Author_OracleReports_Test] MD5: 32d29ee5d36373a775c8f0776b2395bc
INFO:root:2012:09:12 13:51:31: Metadata for inc_2343_dropped_pdf_benign.pdf MD5: 32d29ee5d36373a775c8f0776b2395bc added to database
INFO:root:2012:09:12 13:51:31: Metadata for AD3AA76DD54F6BE847B927855BE16C61-Running Mate.doc MD5: ad3aa76dd54f6be847b927855be16c61 added to database
INFO:root:2012:09:12 13:51:31: Metadata for INC-2343_Post_Pcap.pcap MD5: d7cb9bdf08f962c6eb29540ccc4c7a07 added to database
INFO:root:2012:09:12 13:51:31: Metadata for PO-3724-pcap.pcap MD5: 73a30d458c5493575409ecafde89f088 added to database
INFO:root:2012:09:12 13:51:31: Metadata for 2641_Claws_Malware.rar MD5: e144f982a13a719d3b1429dca391408a added to database
INFO:root:2012:09:12 13:51:31: Metadata for Malware_163200.zip MD5: 319fd6e07e40d69bb2a00a8c3cb7654b added to database
INFO:root:2012:09:12 13:51:31: Metadata for CaptureBAT-Setup-2.0.0-5574.exe MD5: c1894e46ffe89be6ca35729d9dab6145 added to database
INFO:root:2012:09:12 13:51:31: Metadata for New WinRAR archive.rar MD5: ad08fe53a5e484ea568d60544ef3f05c added to database
INFO:root:2012:09:12 13:51:32: Metadata for Flashfxp.exe MD5: 01ec264b82d938b5d7fdd6a51d73decd added to database
INFO:root:2012:09:12 13:51:32: Metadata for inc-2484_Stage2_3.pcap MD5: 428ade5e8394cfd64bd5e2381b232241 added to database
INFO:root:2012:09:12 13:51:32: Metadata for ntlwr_folio_logo_mpg‮fdp.scr MD5: 95ccceb4b2d75c561d3cf16994c912c1 added to database
INFO:root:2012:09:12 13:51:32: Metadata for watchmen_dropbox_malware.rar MD5: 49eaeef7eebadbfbccb30327af039fe7 added to database
INFO:root:2012:09:12 13:51:32: Metadata for depends.exe MD5: b6051fdab7dc811a2d6be64a1579c735 added to database
INFO:root:2012:09:12 13:51:32: Metadata for watchmen_dropbox_stage2.pcap MD5: fd899b9cec806d1411d3a6501f270179 added to database
INFO:root:Starting Midas with the following args: {'move': None, 'logs': './midas.log', 'yararules': './midasyararules.yar', 'sleep': 15, 'Path': '../Desktop/VirtualBox_Share/', 'SSDeep': True, 'fullyara': True, 'delete': False}
INFO:root:2012:09:12 14:51:05: Metadata for watchmen_ioc.txt MD5: 5794b5d73d67c9ec4a17026fc25bba81 added to database
INFO:root:2012:09:12 14:51:05: Metadata for 2463.pcap MD5: 21f05fb4940ee39bc5b8a8d13ced67eb added to database
INFO:root:2012:09:12 14:51:05: Metadata for INC-2484-stage1-malware.zip MD5: 62927e8be32bed5d86cdb045a282a948 added to database
INFO:root:2012:09:12 14:51:05: Metadata for sexy_ioc.rar MD5: 5af9b7a7d60897c7addede09c5c151cf added to database
INFO:root:2012:09:12 14:51:05: Metadata for TYBRIN_Dropped_Malware.rar MD5: f72ac6d213485338f093fc00d0ed970f added to database
INFO:root:2012:09:12 14:51:05: Metadata for image‮fdp..scr MD5: dd9990e685f8250e48ad0f8cbfa4839a added to database
INFO:root:2012:09:12 14:51:05: Metadata for wsusservice.dll MD5: 92d37a92138659fa75f45ccb87242910 added to database
INFO:root:2012:09:12 14:51:05: Metadata for KB2690533.exe MD5: 1782ecc4911dff3ca2854b4b3957127e added to database
INFO:root:2012:09:12 14:51:06: Metadata for INC-2343_IOCS.rar MD5: 409dc43bba189cd8e07325ee13b6a0b2 added to database
INFO:root:2012:09:12 14:51:06: Metadata for 88139144411-5-4_attach.1.Chinese Invasion of Vietnam.doc MD5: 5a29a442936b5fa4982293ba7567aa39 added to database
INFO:root:2012:09:12 14:51:06: Metadata for INC-2427_Malware.rar MD5: cd1f0c54b917789e5dc62721e40add54 added to database
INFO:root:2012:09:12 14:51:06: Metadata for Adobe Flash Player (Non-IE)_v11.3.300.270.exe MD5: c254cb5c4ab62dcbb30d9ce6c1a217c9 added to database
INFO:root:2012:09:12 14:51:06: Metadata for ESSM.zip MD5: ddc9039eae11b28ca22f4d76c557ff65 added to database
INFO:root:2012:09:12 14:51:06: Metadata for running_mate.pcap MD5: d2c6ca2cc453acee4d017a00fb90cd7d added to database
INFO:root:2012:09:12 14:51:06: Metadata for Digital Signature Validation.rar (application\rar) 112K.desktop MD5: af5a38f11ec255510dcf08aa1cc7865d added to database
INFO:root:2012:09:12 14:51:07: Metadata for insitu.pcap MD5: 15800e67035101a2d3993aad3d725489 added to database
INFO:root:2012:09:12 14:51:07: Metadata for payment slip.rar MD5: 571c4d9689e08509f1af06233b38f060 added to database
INFO:root:2012:09:12 14:51:07: Metadata for 2461.pcap MD5: 129bab4e7040f2fa370cee8f6034cee5 added to database
INFO:root:2012:09:12 14:51:07: Metadata for wekbyPivy.txt MD5: 99e2ed21c48486a5a0912eeaee2f70da added to database
INFO:root:2012:09:12 14:51:07: Metadata for sexy.pcap MD5: 862056bc18403d3a373a44ed8dfa88bd added to database
INFO:root:2012:09:12 14:51:07: Metadata for Adobe Flash Player (IE)_v11.3.300.270.exe MD5: cc6793cf5c329ebcd33321d0d1d00131 added to database
INFO:root:2012:09:12 14:51:07: Metadata for flash.exe MD5: 92a518a516f15b7140edd8758d062933 added to database
INFO:root:2012:09:12 14:51:08: Metadata for PO-3724-MALWARE.rar MD5: 8b1c849a590519cf70e7e1cc5bbe6580 added to database
INFO:root:2012:09:12 14:51:08: Metadata for index.html MD5: e94944ecce0786cb5794d7f58695e9c6 added to database
INFO:root:2012:09:12 14:51:08: Metadata for fakeDNS.exe MD5: 8dc65a70eba3deed35286c38794ef4c2 added to database
INFO:root:2012:09:12 14:51:08: Metadata for TYBRIN_Malware_and_Pcap.zip MD5: cc6a2e1ab63a5b4e398eb91a1aa01e05 added to database
INFO:root:2012:09:12 14:51:08: Metadata for INC-2484--Stage2---MALWARE.rar MD5: d552c59358e93db0575e815dda1ec149 added to database
INFO:root:2012:09:12 14:51:08: Metadata for iexplore.dmp MD5: 87d72528e43372bf10ed5d788ac84948 added to database
INFO:root:2012:09:12 14:51:08: Metadata for 88139144411-5-4_attach.2.Vietnam vs China Naval Buildup.doc MD5: 9ca8713313bf46d7a3773cda8ffe191d added to database
INFO:root:2012:09:12 14:51:08: Metadata for payment_slip_2.rar MD5: 35f24e43cfcc7a5a9abbd5c5ea9ee7ed added to database
INFO:root:2012:09:12 14:51:08: Metadata for sexy_malware_.rar MD5: 988eb1986d634e0fcf735f1041f79cac added to database
INFO:root:2012:09:12 14:51:09: Metadata for tyn.pcap MD5: 5e3ae976b570def3ad9d4f803186b27c added to database
INFO:root:2012:09:12 14:51:09: Metadata for Claws Annual Report  2011-12_v0.2_Latest.doc MD5: b2c6e6758be86b92a47268b7a338cc8d added to database
INFO:root:2012:09:12 14:51:09: Metadata for jre-7u6-windows-i586.exe MD5: 48f54897524910ce60fba3e124ae7ead added to database
INFO:root:2012:09:12 14:51:10: Metadata for RemovalTool.exe MD5: ebb4ac5bb30b93e38a02683e3e7c98c6 added to database
INFO:root:2012:09:12 14:51:10: Metadata for inc-2484_stage1_inetsim.pcap MD5: 9686b6f31b10f050a679ec566521f492 added to database
INFO:root:2012:09:12 14:51:10: Metadata for AdbeRdr1000_en_US.exe MD5: 287c7918c55385b63602cb9737068ed9 added to database
INFO:root:2012:09:12 14:51:11: Metadata for CIT_2012.rar MD5: ce223c811079249f895ccb02a4697355 added to database
INFO:root:2012:09:12 14:51:11: Metadata for watchmen_dropbox_memdump_strings.txt MD5: 07e9cb98607c7915fa8070277e8ceb6a added to database
WARNING:root:2012:09:12 14:51:11: Yara Matches for inc_2343_dropped_pdf_benign.pdf: [MetaData_PDF_Test, MetaData_Author_OracleReports_Test] MD5: 32d29ee5d36373a775c8f0776b2395bc
INFO:root:2012:09:12 14:51:11: Metadata for inc_2343_dropped_pdf_benign.pdf MD5: 32d29ee5d36373a775c8f0776b2395bc added to database
INFO:root:2012:09:12 14:51:11: Metadata for AD3AA76DD54F6BE847B927855BE16C61-Running Mate.doc MD5: ad3aa76dd54f6be847b927855be16c61 added to database
INFO:root:2012:09:12 14:51:11: Metadata for INC-2343_Post_Pcap.pcap MD5: d7cb9bdf08f962c6eb29540ccc4c7a07 added to database
INFO:root:2012:09:12 14:51:11: Metadata for PO-3724-pcap.pcap MD5: 73a30d458c5493575409ecafde89f088 added to database
INFO:root:2012:09:12 14:51:11: Metadata for 2641_Claws_Malware.rar MD5: e144f982a13a719d3b1429dca391408a added to database
INFO:root:2012:09:12 14:51:11: Metadata for Malware_163200.zip MD5: 319fd6e07e40d69bb2a00a8c3cb7654b added to database
INFO:root:2012:09:12 14:51:12: Metadata for CaptureBAT-Setup-2.0.0-5574.exe MD5: c1894e46ffe89be6ca35729d9dab6145 added to database
INFO:root:2012:09:12 14:51:12: Metadata for New WinRAR archive.rar MD5: ad08fe53a5e484ea568d60544ef3f05c added to database
INFO:root:2012:09:12 14:51:12: Metadata for Flashfxp.exe MD5: 01ec264b82d938b5d7fdd6a51d73decd added to database
INFO:root:2012:09:12 14:51:12: Metadata for inc-2484_Stage2_3.pcap MD5: 428ade5e8394cfd64bd5e2381b232241 added to database
INFO:root:2012:09:12 14:51:12: Metadata for ntlwr_folio_logo_mpg‮fdp.scr MD5: 95ccceb4b2d75c561d3cf16994c912c1 added to database
INFO:root:2012:09:12 14:51:12: Metadata for watchmen_dropbox_malware.rar MD5: 49eaeef7eebadbfbccb30327af039fe7 added to database
INFO:root:2012:09:12 14:51:12: Metadata for depends.exe MD5: b6051fdab7dc811a2d6be64a1579c735 added to database
INFO:root:2012:09:12 14:51:12: Metadata for watchmen_dropbox_stage2.pcap MD5: fd899b9cec806d1411d3a6501f270179 added to database
INFO:root:Starting Midas with the following args: {'move': None, 'logs': './midas.log', 'yararules': './midasyararules.yar', 'sleep': 15, 'Path': '../Desktop/VirtualBox_Share/', 'SSDeep': False, 'fullyara': False, 'delete': False}
INFO:root:2012:09:12 14:53:11: Metadata for watchmen_ioc.txt MD5: 5794b5d73d67c9ec4a17026fc25bba81 added to database
INFO:root:2012:09:12 14:53:11: Metadata for 2463.pcap MD5: 21f05fb4940ee39bc5b8a8d13ced67eb added to database
INFO:root:2012:09:12 14:53:11: Metadata for INC-2484-stage1-malware.zip MD5: 62927e8be32bed5d86cdb045a282a948 added to database
INFO:root:2012:09:12 14:53:11: Metadata for sexy_ioc.rar MD5: 5af9b7a7d60897c7addede09c5c151cf added to database
INFO:root:2012:09:12 14:53:11: Metadata for TYBRIN_Dropped_Malware.rar MD5: f72ac6d213485338f093fc00d0ed970f added to database
INFO:root:2012:09:12 14:53:11: Metadata for image‮fdp..scr MD5: dd9990e685f8250e48ad0f8cbfa4839a added to database
INFO:root:2012:09:12 14:53:11: Metadata for wsusservice.dll MD5: 92d37a92138659fa75f45ccb87242910 added to database
INFO:root:2012:09:12 14:53:11: Metadata for KB2690533.exe MD5: 1782ecc4911dff3ca2854b4b3957127e added to database
INFO:root:2012:09:12 14:53:12: Metadata for INC-2343_IOCS.rar MD5: 409dc43bba189cd8e07325ee13b6a0b2 added to database
INFO:root:2012:09:12 14:53:12: Metadata for 88139144411-5-4_attach.1.Chinese Invasion of Vietnam.doc MD5: 5a29a442936b5fa4982293ba7567aa39 added to database
INFO:root:2012:09:12 14:53:12: Metadata for INC-2427_Malware.rar MD5: cd1f0c54b917789e5dc62721e40add54 added to database
INFO:root:2012:09:12 14:53:12: Metadata for Adobe Flash Player (Non-IE)_v11.3.300.270.exe MD5: c254cb5c4ab62dcbb30d9ce6c1a217c9 added to database
INFO:root:2012:09:12 14:53:12: Metadata for ESSM.zip MD5: ddc9039eae11b28ca22f4d76c557ff65 added to database
INFO:root:2012:09:12 14:53:12: Metadata for running_mate.pcap MD5: d2c6ca2cc453acee4d017a00fb90cd7d added to database
INFO:root:2012:09:12 14:53:12: Metadata for Digital Signature Validation.rar (application\rar) 112K.desktop MD5: af5a38f11ec255510dcf08aa1cc7865d added to database
INFO:root:2012:09:12 14:53:12: Metadata for insitu.pcap MD5: 15800e67035101a2d3993aad3d725489 added to database
INFO:root:2012:09:12 14:53:12: Metadata for payment slip.rar MD5: 571c4d9689e08509f1af06233b38f060 added to database
INFO:root:2012:09:12 14:53:13: Metadata for 2461.pcap MD5: 129bab4e7040f2fa370cee8f6034cee5 added to database
INFO:root:2012:09:12 14:53:13: Metadata for wekbyPivy.txt MD5: 99e2ed21c48486a5a0912eeaee2f70da added to database
INFO:root:2012:09:12 14:53:13: Metadata for sexy.pcap MD5: 862056bc18403d3a373a44ed8dfa88bd added to database
INFO:root:2012:09:12 14:53:13: Metadata for Adobe Flash Player (IE)_v11.3.300.270.exe MD5: cc6793cf5c329ebcd33321d0d1d00131 added to database
INFO:root:2012:09:12 14:53:13: Metadata for flash.exe MD5: 92a518a516f15b7140edd8758d062933 added to database
INFO:root:2012:09:12 14:53:13: Metadata for PO-3724-MALWARE.rar MD5: 8b1c849a590519cf70e7e1cc5bbe6580 added to database
INFO:root:2012:09:12 14:53:13: Metadata for index.html MD5: e94944ecce0786cb5794d7f58695e9c6 added to database
INFO:root:2012:09:12 14:53:13: Metadata for fakeDNS.exe MD5: 8dc65a70eba3deed35286c38794ef4c2 added to database
INFO:root:2012:09:12 14:53:13: Metadata for TYBRIN_Malware_and_Pcap.zip MD5: cc6a2e1ab63a5b4e398eb91a1aa01e05 added to database
INFO:root:2012:09:12 14:53:13: Metadata for INC-2484--Stage2---MALWARE.rar MD5: d552c59358e93db0575e815dda1ec149 added to database
INFO:root:2012:09:12 14:53:14: Metadata for iexplore.dmp MD5: 87d72528e43372bf10ed5d788ac84948 added to database
INFO:root:2012:09:12 14:53:14: Metadata for 88139144411-5-4_attach.2.Vietnam vs China Naval Buildup.doc MD5: 9ca8713313bf46d7a3773cda8ffe191d added to database
INFO:root:2012:09:12 14:53:14: Metadata for payment_slip_2.rar MD5: 35f24e43cfcc7a5a9abbd5c5ea9ee7ed added to database
INFO:root:2012:09:12 14:53:14: Metadata for sexy_malware_.rar MD5: 988eb1986d634e0fcf735f1041f79cac added to database
INFO:root:2012:09:12 14:53:14: Metadata for tyn.pcap MD5: 5e3ae976b570def3ad9d4f803186b27c added to database
INFO:root:2012:09:12 14:53:14: Metadata for Claws Annual Report  2011-12_v0.2_Latest.doc MD5: b2c6e6758be86b92a47268b7a338cc8d added to database
INFO:root:2012:09:12 14:53:14: Metadata for jre-7u6-windows-i586.exe MD5: 48f54897524910ce60fba3e124ae7ead added to database
INFO:root:2012:09:12 14:53:14: Metadata for RemovalTool.exe MD5: ebb4ac5bb30b93e38a02683e3e7c98c6 added to database
INFO:root:2012:09:12 14:53:14: Metadata for inc-2484_stage1_inetsim.pcap MD5: 9686b6f31b10f050a679ec566521f492 added to database
INFO:root:2012:09:12 14:53:15: Metadata for AdbeRdr1000_en_US.exe MD5: 287c7918c55385b63602cb9737068ed9 added to database
INFO:root:2012:09:12 14:53:15: Metadata for CIT_2012.rar MD5: ce223c811079249f895ccb02a4697355 added to database
INFO:root:2012:09:12 14:53:15: Metadata for watchmen_dropbox_memdump_strings.txt MD5: 07e9cb98607c7915fa8070277e8ceb6a added to database
WARNING:root:2012:09:12 14:53:15: Yara Matches for inc_2343_dropped_pdf_benign.pdf: [MetaData_PDF_Test, MetaData_Author_OracleReports_Test] MD5: 32d29ee5d36373a775c8f0776b2395bc
INFO:root:2012:09:12 14:53:15: Metadata for inc_2343_dropped_pdf_benign.pdf MD5: 32d29ee5d36373a775c8f0776b2395bc added to database
INFO:root:2012:09:12 14:53:15: Metadata for AD3AA76DD54F6BE847B927855BE16C61-Running Mate.doc MD5: ad3aa76dd54f6be847b927855be16c61 added to database
INFO:root:2012:09:12 14:53:15: Metadata for INC-2343_Post_Pcap.pcap MD5: d7cb9bdf08f962c6eb29540ccc4c7a07 added to database
INFO:root:2012:09:12 14:53:15: Metadata for PO-3724-pcap.pcap MD5: 73a30d458c5493575409ecafde89f088 added to database
INFO:root:Starting Midas with the following args: {'move': None, 'logs': './midas.log', 'yararules': './midasyararules.yar', 'sleep': 15, 'Path': '../Desktop/VirtualBox_Share/', 'SSDeep': False, 'fullyara': False, 'delete': False}
INFO:root:2012:09:12 14:55:22: Metadata for watchmen_ioc.txt MD5: 5794b5d73d67c9ec4a17026fc25bba81 added to database
INFO:root:2012:09:12 14:55:22: Metadata for 2463.pcap MD5: 21f05fb4940ee39bc5b8a8d13ced67eb added to database
INFO:root:2012:09:12 14:55:22: Metadata for INC-2484-stage1-malware.zip MD5: 62927e8be32bed5d86cdb045a282a948 added to database
INFO:root:2012:09:12 14:55:22: Metadata for sexy_ioc.rar MD5: 5af9b7a7d60897c7addede09c5c151cf added to database
INFO:root:2012:09:12 14:55:22: Metadata for TYBRIN_Dropped_Malware.rar MD5: f72ac6d213485338f093fc00d0ed970f added to database
INFO:root:2012:09:12 14:55:23: Metadata for image‮fdp..scr MD5: dd9990e685f8250e48ad0f8cbfa4839a added to database
INFO:root:2012:09:12 14:55:23: Metadata for wsusservice.dll MD5: 92d37a92138659fa75f45ccb87242910 added to database
INFO:root:2012:09:12 14:55:23: Metadata for KB2690533.exe MD5: 1782ecc4911dff3ca2854b4b3957127e added to database
INFO:root:2012:09:12 14:55:23: Metadata for INC-2343_IOCS.rar MD5: 409dc43bba189cd8e07325ee13b6a0b2 added to database
INFO:root:2012:09:12 14:55:23: Metadata for 88139144411-5-4_attach.1.Chinese Invasion of Vietnam.doc MD5: 5a29a442936b5fa4982293ba7567aa39 added to database
INFO:root:2012:09:12 14:55:23: Metadata for INC-2427_Malware.rar MD5: cd1f0c54b917789e5dc62721e40add54 added to database
INFO:root:2012:09:12 14:55:23: Metadata for Adobe Flash Player (Non-IE)_v11.3.300.270.exe MD5: c254cb5c4ab62dcbb30d9ce6c1a217c9 added to database
INFO:root:2012:09:12 14:55:23: Metadata for ESSM.zip MD5: ddc9039eae11b28ca22f4d76c557ff65 added to database
INFO:root:2012:09:12 14:55:23: Metadata for running_mate.pcap MD5: d2c6ca2cc453acee4d017a00fb90cd7d added to database
INFO:root:2012:09:12 14:55:24: Metadata for Digital Signature Validation.rar (application\rar) 112K.desktop MD5: af5a38f11ec255510dcf08aa1cc7865d added to database
INFO:root:2012:09:12 14:55:24: Metadata for insitu.pcap MD5: 15800e67035101a2d3993aad3d725489 added to database
INFO:root:2012:09:12 14:55:24: Metadata for payment slip.rar MD5: 571c4d9689e08509f1af06233b38f060 added to database
INFO:root:2012:09:12 14:55:24: Metadata for 2461.pcap MD5: 129bab4e7040f2fa370cee8f6034cee5 added to database
INFO:root:2012:09:12 14:55:24: Metadata for wekbyPivy.txt MD5: 99e2ed21c48486a5a0912eeaee2f70da added to database
INFO:root:2012:09:12 14:55:24: Metadata for sexy.pcap MD5: 862056bc18403d3a373a44ed8dfa88bd added to database
INFO:root:2012:09:12 14:55:24: Metadata for Adobe Flash Player (IE)_v11.3.300.270.exe MD5: cc6793cf5c329ebcd33321d0d1d00131 added to database
INFO:root:2012:09:12 14:55:24: Metadata for flash.exe MD5: 92a518a516f15b7140edd8758d062933 added to database
INFO:root:2012:09:12 14:55:24: Metadata for PO-3724-MALWARE.rar MD5: 8b1c849a590519cf70e7e1cc5bbe6580 added to database
INFO:root:2012:09:12 14:55:24: Metadata for index.html MD5: e94944ecce0786cb5794d7f58695e9c6 added to database
INFO:root:2012:09:12 14:55:25: Metadata for fakeDNS.exe MD5: 8dc65a70eba3deed35286c38794ef4c2 added to database
INFO:root:2012:09:12 14:55:25: Metadata for TYBRIN_Malware_and_Pcap.zip MD5: cc6a2e1ab63a5b4e398eb91a1aa01e05 added to database
INFO:root:2012:09:12 14:55:25: Metadata for INC-2484--Stage2---MALWARE.rar MD5: d552c59358e93db0575e815dda1ec149 added to database
INFO:root:2012:09:12 14:55:25: Metadata for iexplore.dmp MD5: 87d72528e43372bf10ed5d788ac84948 added to database
INFO:root:2012:09:12 14:55:25: Metadata for 88139144411-5-4_attach.2.Vietnam vs China Naval Buildup.doc MD5: 9ca8713313bf46d7a3773cda8ffe191d added to database
INFO:root:2012:09:12 14:55:25: Metadata for payment_slip_2.rar MD5: 35f24e43cfcc7a5a9abbd5c5ea9ee7ed added to database
INFO:root:2012:09:12 14:55:25: Metadata for sexy_malware_.rar MD5: 988eb1986d634e0fcf735f1041f79cac added to database
INFO:root:2012:09:12 14:55:25: Metadata for tyn.pcap MD5: 5e3ae976b570def3ad9d4f803186b27c added to database
INFO:root:2012:09:12 14:55:25: Metadata for Claws Annual Report  2011-12_v0.2_Latest.doc MD5: b2c6e6758be86b92a47268b7a338cc8d added to database
INFO:root:2012:09:12 14:55:26: Metadata for jre-7u6-windows-i586.exe MD5: 48f54897524910ce60fba3e124ae7ead added to database
INFO:root:2012:09:12 14:55:26: Metadata for RemovalTool.exe MD5: ebb4ac5bb30b93e38a02683e3e7c98c6 added to database
INFO:root:2012:09:12 14:55:26: Metadata for inc-2484_stage1_inetsim.pcap MD5: 9686b6f31b10f050a679ec566521f492 added to database
INFO:root:2012:09:12 14:55:26: Metadata for AdbeRdr1000_en_US.exe MD5: 287c7918c55385b63602cb9737068ed9 added to database
INFO:root:2012:09:12 14:55:26: Metadata for CIT_2012.rar MD5: ce223c811079249f895ccb02a4697355 added to database
INFO:root:2012:09:12 14:55:26: Metadata for watchmen_dropbox_memdump_strings.txt MD5: 07e9cb98607c7915fa8070277e8ceb6a added to database
WARNING:root:2012:09:12 14:55:26: Yara Matches for inc_2343_dropped_pdf_benign.pdf: [MetaData_PDF_Test, MetaData_Author_OracleReports_Test] MD5: 32d29ee5d36373a775c8f0776b2395bc
INFO:root:2012:09:12 14:55:26: Metadata for inc_2343_dropped_pdf_benign.pdf MD5: 32d29ee5d36373a775c8f0776b2395bc added to database
INFO:root:2012:09:12 14:55:26: Metadata for AD3AA76DD54F6BE847B927855BE16C61-Running Mate.doc MD5: ad3aa76dd54f6be847b927855be16c61 added to database
INFO:root:2012:09:12 14:55:26: Metadata for INC-2343_Post_Pcap.pcap MD5: d7cb9bdf08f962c6eb29540ccc4c7a07 added to database
INFO:root:2012:09:12 14:55:27: Metadata for PO-3724-pcap.pcap MD5: 73a30d458c5493575409ecafde89f088 added to database
INFO:root:2012:09:12 14:55:27: Metadata for 2641_Claws_Malware.rar MD5: e144f982a13a719d3b1429dca391408a added to database
INFO:root:2012:09:12 14:55:27: Metadata for Malware_163200.zip MD5: 319fd6e07e40d69bb2a00a8c3cb7654b added to database
INFO:root:2012:09:12 14:55:27: Metadata for CaptureBAT-Setup-2.0.0-5574.exe MD5: c1894e46ffe89be6ca35729d9dab6145 added to database
INFO:root:2012:09:12 14:55:27: Metadata for New WinRAR archive.rar MD5: ad08fe53a5e484ea568d60544ef3f05c added to database
INFO:root:2012:09:12 14:55:27: Metadata for Flashfxp.exe MD5: 01ec264b82d938b5d7fdd6a51d73decd added to database
INFO:root:2012:09:12 14:55:27: Metadata for inc-2484_Stage2_3.pcap MD5: 428ade5e8394cfd64bd5e2381b232241 added to database
INFO:root:2012:09:12 14:55:27: Metadata for ntlwr_folio_logo_mpg‮fdp.scr MD5: 95ccceb4b2d75c561d3cf16994c912c1 added to database
INFO:root:2012:09:12 14:55:27: Metadata for watchmen_dropbox_malware.rar MD5: 49eaeef7eebadbfbccb30327af039fe7 added to database
INFO:root:2012:09:12 14:55:27: Metadata for depends.exe MD5: b6051fdab7dc811a2d6be64a1579c735 added to database
INFO:root:2012:09:12 14:55:28: Metadata for watchmen_dropbox_stage2.pcap MD5: fd899b9cec806d1411d3a6501f270179 added to database
INFO:root:Starting Midas with the following args: {'move': None, 'logs': './midas.log', 'yararules': './midasyararules.yar', 'sleep': 15, 'Path': '../Desktop/VirtualBox_Share/', 'SSDeep': False, 'fullyara': False, 'delete': False}
INFO:root:2012:09:12 14:57:38: Metadata for watchmen_ioc.txt MD5: 5794b5d73d67c9ec4a17026fc25bba81 added to database
INFO:root:2012:09:12 14:57:38: Metadata for 2463.pcap MD5: 21f05fb4940ee39bc5b8a8d13ced67eb added to database
INFO:root:2012:09:12 14:57:38: Metadata for INC-2484-stage1-malware.zip MD5: 62927e8be32bed5d86cdb045a282a948 added to database
INFO:root:2012:09:12 14:57:38: Metadata for sexy_ioc.rar MD5: 5af9b7a7d60897c7addede09c5c151cf added to database
INFO:root:2012:09:12 14:57:38: Metadata for TYBRIN_Dropped_Malware.rar MD5: f72ac6d213485338f093fc00d0ed970f added to database
INFO:root:2012:09:12 14:57:38: Metadata for image‮fdp..scr MD5: dd9990e685f8250e48ad0f8cbfa4839a added to database
INFO:root:2012:09:12 14:57:38: Metadata for wsusservice.dll MD5: 92d37a92138659fa75f45ccb87242910 added to database
INFO:root:2012:09:12 14:57:38: Metadata for KB2690533.exe MD5: 1782ecc4911dff3ca2854b4b3957127e added to database
INFO:root:2012:09:12 14:57:39: Metadata for INC-2343_IOCS.rar MD5: 409dc43bba189cd8e07325ee13b6a0b2 added to database
INFO:root:2012:09:12 14:57:39: Metadata for 88139144411-5-4_attach.1.Chinese Invasion of Vietnam.doc MD5: 5a29a442936b5fa4982293ba7567aa39 added to database
INFO:root:2012:09:12 14:57:39: Metadata for INC-2427_Malware.rar MD5: cd1f0c54b917789e5dc62721e40add54 added to database
INFO:root:2012:09:12 14:57:39: Metadata for Adobe Flash Player (Non-IE)_v11.3.300.270.exe MD5: c254cb5c4ab62dcbb30d9ce6c1a217c9 added to database
INFO:root:2012:09:12 14:57:39: Metadata for ESSM.zip MD5: ddc9039eae11b28ca22f4d76c557ff65 added to database
INFO:root:2012:09:12 14:57:39: Metadata for running_mate.pcap MD5: d2c6ca2cc453acee4d017a00fb90cd7d added to database
INFO:root:2012:09:12 14:57:39: Metadata for Digital Signature Validation.rar (application\rar) 112K.desktop MD5: af5a38f11ec255510dcf08aa1cc7865d added to database
INFO:root:2012:09:12 14:57:39: Metadata for insitu.pcap MD5: 15800e67035101a2d3993aad3d725489 added to database
INFO:root:2012:09:12 14:57:39: Metadata for payment slip.rar MD5: 571c4d9689e08509f1af06233b38f060 added to database
INFO:root:2012:09:12 14:57:40: Metadata for 2461.pcap MD5: 129bab4e7040f2fa370cee8f6034cee5 added to database
INFO:root:2012:09:12 14:57:40: Metadata for wekbyPivy.txt MD5: 99e2ed21c48486a5a0912eeaee2f70da added to database
INFO:root:2012:09:12 14:57:40: Metadata for sexy.pcap MD5: 862056bc18403d3a373a44ed8dfa88bd added to database
INFO:root:2012:09:12 14:57:40: Metadata for Adobe Flash Player (IE)_v11.3.300.270.exe MD5: cc6793cf5c329ebcd33321d0d1d00131 added to database
INFO:root:2012:09:12 14:57:40: Metadata for flash.exe MD5: 92a518a516f15b7140edd8758d062933 added to database
INFO:root:2012:09:12 14:57:40: Metadata for PO-3724-MALWARE.rar MD5: 8b1c849a590519cf70e7e1cc5bbe6580 added to database
INFO:root:2012:09:12 14:57:40: Metadata for index.html MD5: e94944ecce0786cb5794d7f58695e9c6 added to database
INFO:root:2012:09:12 14:57:40: Metadata for fakeDNS.exe MD5: 8dc65a70eba3deed35286c38794ef4c2 added to database
INFO:root:2012:09:12 14:57:40: Metadata for TYBRIN_Malware_and_Pcap.zip MD5: cc6a2e1ab63a5b4e398eb91a1aa01e05 added to database
INFO:root:2012:09:12 14:57:40: Metadata for INC-2484--Stage2---MALWARE.rar MD5: d552c59358e93db0575e815dda1ec149 added to database
INFO:root:2012:09:12 14:57:41: Metadata for iexplore.dmp MD5: 87d72528e43372bf10ed5d788ac84948 added to database
INFO:root:2012:09:12 14:57:41: Metadata for 88139144411-5-4_attach.2.Vietnam vs China Naval Buildup.doc MD5: 9ca8713313bf46d7a3773cda8ffe191d added to database
INFO:root:2012:09:12 14:57:41: Metadata for payment_slip_2.rar MD5: 35f24e43cfcc7a5a9abbd5c5ea9ee7ed added to database
INFO:root:2012:09:12 14:57:41: Metadata for sexy_malware_.rar MD5: 988eb1986d634e0fcf735f1041f79cac added to database
INFO:root:2012:09:12 14:57:41: Metadata for tyn.pcap MD5: 5e3ae976b570def3ad9d4f803186b27c added to database
INFO:root:2012:09:12 14:57:41: Metadata for Claws Annual Report  2011-12_v0.2_Latest.doc MD5: b2c6e6758be86b92a47268b7a338cc8d added to database
INFO:root:2012:09:12 14:57:41: Metadata for jre-7u6-windows-i586.exe MD5: 48f54897524910ce60fba3e124ae7ead added to database
INFO:root:2012:09:12 14:57:41: Metadata for RemovalTool.exe MD5: ebb4ac5bb30b93e38a02683e3e7c98c6 added to database
INFO:root:2012:09:12 14:57:41: Metadata for inc-2484_stage1_inetsim.pcap MD5: 9686b6f31b10f050a679ec566521f492 added to database
INFO:root:2012:09:12 14:57:42: Metadata for AdbeRdr1000_en_US.exe MD5: 287c7918c55385b63602cb9737068ed9 added to database
INFO:root:2012:09:12 14:57:42: Metadata for CIT_2012.rar MD5: ce223c811079249f895ccb02a4697355 added to database
INFO:root:2012:09:12 14:57:42: Metadata for watchmen_dropbox_memdump_strings.txt MD5: 07e9cb98607c7915fa8070277e8ceb6a added to database
WARNING:root:2012:09:12 14:57:42: Yara Matches for inc_2343_dropped_pdf_benign.pdf: [MetaData_PDF_Test, MetaData_Author_OracleReports_Test] MD5: 32d29ee5d36373a775c8f0776b2395bc
INFO:root:2012:09:12 14:57:42: Metadata for inc_2343_dropped_pdf_benign.pdf MD5: 32d29ee5d36373a775c8f0776b2395bc added to database
INFO:root:2012:09:12 14:57:42: Metadata for AD3AA76DD54F6BE847B927855BE16C61-Running Mate.doc MD5: ad3aa76dd54f6be847b927855be16c61 added to database
INFO:root:2012:09:12 14:57:42: Metadata for INC-2343_Post_Pcap.pcap MD5: d7cb9bdf08f962c6eb29540ccc4c7a07 added to database
INFO:root:2012:09:12 14:57:42: Metadata for PO-3724-pcap.pcap MD5: 73a30d458c5493575409ecafde89f088 added to database
INFO:root:2012:09:12 14:57:42: Metadata for 2641_Claws_Malware.rar MD5: e144f982a13a719d3b1429dca391408a added to database
INFO:root:2012:09:12 14:57:43: Metadata for Malware_163200.zip MD5: 319fd6e07e40d69bb2a00a8c3cb7654b added to database
INFO:root:2012:09:12 14:57:43: Metadata for CaptureBAT-Setup-2.0.0-5574.exe MD5: c1894e46ffe89be6ca35729d9dab6145 added to database
INFO:root:2012:09:12 14:57:43: Metadata for New WinRAR archive.rar MD5: ad08fe53a5e484ea568d60544ef3f05c added to database
INFO:root:2012:09:12 14:57:43: Metadata for Flashfxp.exe MD5: 01ec264b82d938b5d7fdd6a51d73decd added to database
INFO:root:2012:09:12 14:57:43: Metadata for inc-2484_Stage2_3.pcap MD5: 428ade5e8394cfd64bd5e2381b232241 added to database
INFO:root:2012:09:12 14:57:43: Metadata for ntlwr_folio_logo_mpg‮fdp.scr MD5: 95ccceb4b2d75c561d3cf16994c912c1 added to database
INFO:root:2012:09:12 14:57:43: Metadata for watchmen_dropbox_malware.rar MD5: 49eaeef7eebadbfbccb30327af039fe7 added to database
INFO:root:2012:09:12 14:57:43: Metadata for depends.exe MD5: b6051fdab7dc811a2d6be64a1579c735 added to database
INFO:root:2012:09:12 14:57:43: Metadata for watchmen_dropbox_stage2.pcap MD5: fd899b9cec806d1411d3a6501f270179 added to database
INFO:root:2012:09:12 14:57:45: Metadata for memdumpwin7.mem MD5: 9e5ff57e93a1a2ceeb5a482c13c08681 added to database
INFO:root:Starting Midas with the following args: {'move': None, 'logs': './midas.log', 'yararules': './midasyararules.yar', 'sleep': 15, 'Path': '../Desktop/VirtualBox_Share/', 'SSDeep': False, 'fullyara': False, 'delete': False}
INFO:root:2012:09:12 14:58:10: Metadata for watchmen_ioc.txt MD5: 5794b5d73d67c9ec4a17026fc25bba81 added to database
INFO:root:2012:09:12 14:58:10: Metadata for 2463.pcap MD5: 21f05fb4940ee39bc5b8a8d13ced67eb added to database
INFO:root:2012:09:12 14:58:10: Metadata for INC-2484-stage1-malware.zip MD5: 62927e8be32bed5d86cdb045a282a948 added to database
INFO:root:2012:09:12 14:58:10: Metadata for sexy_ioc.rar MD5: 5af9b7a7d60897c7addede09c5c151cf added to database
INFO:root:2012:09:12 14:58:10: Metadata for TYBRIN_Dropped_Malware.rar MD5: f72ac6d213485338f093fc00d0ed970f added to database
INFO:root:2012:09:12 14:58:10: Metadata for image‮fdp..scr MD5: dd9990e685f8250e48ad0f8cbfa4839a added to database
INFO:root:2012:09:12 14:58:10: Metadata for wsusservice.dll MD5: 92d37a92138659fa75f45ccb87242910 added to database
INFO:root:2012:09:12 14:58:10: Metadata for KB2690533.exe MD5: 1782ecc4911dff3ca2854b4b3957127e added to database
INFO:root:2012:09:12 14:58:10: Metadata for INC-2343_IOCS.rar MD5: 409dc43bba189cd8e07325ee13b6a0b2 added to database
INFO:root:2012:09:12 14:58:11: Metadata for 88139144411-5-4_attach.1.Chinese Invasion of Vietnam.doc MD5: 5a29a442936b5fa4982293ba7567aa39 added to database
INFO:root:2012:09:12 14:58:11: Metadata for INC-2427_Malware.rar MD5: cd1f0c54b917789e5dc62721e40add54 added to database
INFO:root:2012:09:12 14:58:11: Metadata for Adobe Flash Player (Non-IE)_v11.3.300.270.exe MD5: c254cb5c4ab62dcbb30d9ce6c1a217c9 added to database
INFO:root:2012:09:12 14:58:11: Metadata for ESSM.zip MD5: ddc9039eae11b28ca22f4d76c557ff65 added to database
INFO:root:2012:09:12 14:58:11: Metadata for running_mate.pcap MD5: d2c6ca2cc453acee4d017a00fb90cd7d added to database
INFO:root:2012:09:12 14:58:11: Metadata for Digital Signature Validation.rar (application\rar) 112K.desktop MD5: af5a38f11ec255510dcf08aa1cc7865d added to database
INFO:root:2012:09:12 14:58:11: Metadata for insitu.pcap MD5: 15800e67035101a2d3993aad3d725489 added to database
INFO:root:2012:09:12 14:58:11: Metadata for payment slip.rar MD5: 571c4d9689e08509f1af06233b38f060 added to database
INFO:root:2012:09:12 14:58:11: Metadata for 2461.pcap MD5: 129bab4e7040f2fa370cee8f6034cee5 added to database
INFO:root:2012:09:12 14:58:12: Metadata for wekbyPivy.txt MD5: 99e2ed21c48486a5a0912eeaee2f70da added to database
INFO:root:2012:09:12 14:58:12: Metadata for sexy.pcap MD5: 862056bc18403d3a373a44ed8dfa88bd added to database
INFO:root:2012:09:12 14:58:12: Metadata for Adobe Flash Player (IE)_v11.3.300.270.exe MD5: cc6793cf5c329ebcd33321d0d1d00131 added to database
INFO:root:2012:09:12 14:58:12: Metadata for flash.exe MD5: 92a518a516f15b7140edd8758d062933 added to database
INFO:root:2012:09:12 14:58:12: Metadata for PO-3724-MALWARE.rar MD5: 8b1c849a590519cf70e7e1cc5bbe6580 added to database
INFO:root:2012:09:12 14:58:12: Metadata for index.html MD5: e94944ecce0786cb5794d7f58695e9c6 added to database
INFO:root:2012:09:12 14:58:12: Metadata for fakeDNS.exe MD5: 8dc65a70eba3deed35286c38794ef4c2 added to database
INFO:root:2012:09:12 14:58:12: Metadata for TYBRIN_Malware_and_Pcap.zip MD5: cc6a2e1ab63a5b4e398eb91a1aa01e05 added to database
INFO:root:2012:09:12 14:58:12: Metadata for INC-2484--Stage2---MALWARE.rar MD5: d552c59358e93db0575e815dda1ec149 added to database
INFO:root:2012:09:12 14:58:12: Metadata for iexplore.dmp MD5: 87d72528e43372bf10ed5d788ac84948 added to database
INFO:root:2012:09:12 14:58:13: Metadata for 88139144411-5-4_attach.2.Vietnam vs China Naval Buildup.doc MD5: 9ca8713313bf46d7a3773cda8ffe191d added to database
INFO:root:2012:09:12 14:58:13: Metadata for payment_slip_2.rar MD5: 35f24e43cfcc7a5a9abbd5c5ea9ee7ed added to database
INFO:root:2012:09:12 14:58:13: Metadata for sexy_malware_.rar MD5: 988eb1986d634e0fcf735f1041f79cac added to database
INFO:root:2012:09:12 14:58:13: Metadata for tyn.pcap MD5: 5e3ae976b570def3ad9d4f803186b27c added to database
INFO:root:2012:09:12 14:58:13: Metadata for Claws Annual Report  2011-12_v0.2_Latest.doc MD5: b2c6e6758be86b92a47268b7a338cc8d added to database
INFO:root:2012:09:12 14:58:13: Metadata for jre-7u6-windows-i586.exe MD5: 48f54897524910ce60fba3e124ae7ead added to database
INFO:root:2012:09:12 14:58:13: Metadata for RemovalTool.exe MD5: ebb4ac5bb30b93e38a02683e3e7c98c6 added to database
INFO:root:2012:09:12 14:58:13: Metadata for inc-2484_stage1_inetsim.pcap MD5: 9686b6f31b10f050a679ec566521f492 added to database
INFO:root:2012:09:12 14:58:14: Metadata for AdbeRdr1000_en_US.exe MD5: 287c7918c55385b63602cb9737068ed9 added to database
INFO:root:2012:09:12 14:58:14: Metadata for CIT_2012.rar MD5: ce223c811079249f895ccb02a4697355 added to database
INFO:root:2012:09:12 14:58:14: Metadata for watchmen_dropbox_memdump_strings.txt MD5: 07e9cb98607c7915fa8070277e8ceb6a added to database
WARNING:root:2012:09:12 14:58:14: Yara Matches for inc_2343_dropped_pdf_benign.pdf: [MetaData_PDF_Test, MetaData_Author_OracleReports_Test] MD5: 32d29ee5d36373a775c8f0776b2395bc
INFO:root:2012:09:12 14:58:14: Metadata for inc_2343_dropped_pdf_benign.pdf MD5: 32d29ee5d36373a775c8f0776b2395bc added to database
INFO:root:2012:09:12 14:58:14: Metadata for AD3AA76DD54F6BE847B927855BE16C61-Running Mate.doc MD5: ad3aa76dd54f6be847b927855be16c61 added to database
INFO:root:2012:09:12 14:58:14: Metadata for INC-2343_Post_Pcap.pcap MD5: d7cb9bdf08f962c6eb29540ccc4c7a07 added to database
INFO:root:2012:09:12 14:58:14: Metadata for PO-3724-pcap.pcap MD5: 73a30d458c5493575409ecafde89f088 added to database
INFO:root:2012:09:12 14:58:14: Metadata for 2641_Claws_Malware.rar MD5: e144f982a13a719d3b1429dca391408a added to database
INFO:root:2012:09:12 14:58:14: Metadata for Malware_163200.zip MD5: 319fd6e07e40d69bb2a00a8c3cb7654b added to database
INFO:root:2012:09:12 14:58:14: Metadata for CaptureBAT-Setup-2.0.0-5574.exe MD5: c1894e46ffe89be6ca35729d9dab6145 added to database
INFO:root:2012:09:12 14:58:15: Metadata for New WinRAR archive.rar MD5: ad08fe53a5e484ea568d60544ef3f05c added to database
INFO:root:2012:09:12 14:58:15: Metadata for Flashfxp.exe MD5: 01ec264b82d938b5d7fdd6a51d73decd added to database
INFO:root:2012:09:12 14:58:15: Metadata for inc-2484_Stage2_3.pcap MD5: 428ade5e8394cfd64bd5e2381b232241 added to database
INFO:root:2012:09:12 14:58:15: Metadata for ntlwr_folio_logo_mpg‮fdp.scr MD5: 95ccceb4b2d75c561d3cf16994c912c1 added to database
INFO:root:2012:09:12 14:58:15: Metadata for watchmen_dropbox_malware.rar MD5: 49eaeef7eebadbfbccb30327af039fe7 added to database
INFO:root:2012:09:12 14:58:15: Metadata for depends.exe MD5: b6051fdab7dc811a2d6be64a1579c735 added to database
INFO:root:2012:09:12 14:58:15: Metadata for watchmen_dropbox_stage2.pcap MD5: fd899b9cec806d1411d3a6501f270179 added to database
INFO:root:2012:09:12 14:58:17: Metadata for memdumpwin7.mem MD5: 9e5ff57e93a1a2ceeb5a482c13c08681 added to database
INFO:root:2012:09:12 14:58:19: Metadata for BT5R3-GNOME-VM-32.7z MD5: ad8628e0f07cdba571c27c75202ec40e added to database
INFO:root:2012:09:12 14:58:19: Metadata for sushi_roll_stage1_comms_openinet.txt MD5: 789f0015ae0109d279a506c6ce069b4d added to database
INFO:root:2012:09:12 14:58:19: Metadata for New Text Document.txt MD5: 2f7c95bacf81a07cbac0da3f4a24d6c7 added to database
INFO:root:2012:09:12 14:58:19: Metadata for depends.chm MD5: d23e88eb8928034285595fe5d67485a0 added to database
INFO:root:2012:09:12 14:58:20: Metadata for compromised_sushi_roll_oday.pcap MD5: ff5eb285cb817087cf68171a6b12183c added to database
INFO:root:2012:09:12 14:58:20: Metadata for GoogleConnect.exe.txt MD5: e8578f6423371e3e1539e1d0e097e992 added to database
INFO:root:2012:09:12 14:58:20: Metadata for INC-2343_Malware.rar MD5: df3ca5eee2360b5d180924a1bb385f27 added to database
INFO:root:2012:09:12 14:58:20: Metadata for 2012.zip MD5: 29a4a0789f82ca7c6523de8b5bb85c89 added to database
INFO:root:2012:09:12 14:58:20: Metadata for APPLICATIONS ARE INVITED FOR THE FACULTY POSITIONS.rar MD5: 72e995af3d0843a5e4c90299bf3f3af4 added to database
INFO:root:2012:09:12 14:58:20: Metadata for watchmen_dropbox.pcap MD5: 425396fcb89a040cbd4011c78799af08 added to database
INFO:root:2012:09:12 14:58:20: Metadata for high speed_5.rar MD5: 2832187e514d4c43817824fcbdb3944e added to database
INFO:root:2012:09:12 14:58:20: Metadata for p_exe MD5: d4eb44cfb5dcced20d46ae015631859e added to database
INFO:root:2012:09:12 14:58:21: Metadata for AdbeRdr940_en_US.exe MD5: 79a173a6f2b99c2664f4890617669902 added to database
INFO:root:2012:09:12 14:58:21: Metadata for F0E019.exe MD5: 41fb5bc3e0583c188112d3e37c22cea7 added to database
WARNING:root:2012:09:12 14:58:21: Yara Matches for HR_Summit_web.pdf: [MetaData_PDF_Test] MD5: 101c15e96c05c6ef289962f49f6dae87
INFO:root:2012:09:12 14:58:21: Metadata for HR_Summit_web.pdf MD5: 101c15e96c05c6ef289962f49f6dae87 added to database
INFO:root:2012:09:12 14:58:21: Metadata for ~$139144411-5-4_attach.2.Vietnam vs China Naval Buildup.doc MD5: 2473fd45f503e7eb012ed6d5ccae270b added to database
INFO:root:2012:09:12 14:58:21: Metadata for INC-1896_Malware.rar MD5: d13dfdf24fc1542253bb3e90161dd7bf added to database
INFO:root:2012:09:12 14:58:21: Metadata for D512D9544907A3589EBA64F196AEC0D7-TYBRIN Project Review Report_Aug 12.doc MD5: d512d9544907a3589eba64f196aec0d7 added to database
INFO:root:2012:09:12 14:58:22: Metadata for install_flash_player_ax.exe MD5: e2dc9a381d0d09be527bfbdc3193df44 added to database
INFO:root:2012:09:12 14:58:22: Metadata for stratfor.rar MD5: 3e3f38723aaa988fb1ee004b29dc03af added to database
INFO:root:2012:09:12 14:58:22: Metadata for ~$139144411-5-4_attach.1.Chinese Invasion of Vietnam.doc MD5: 2473fd45f503e7eb012ed6d5ccae270b added to database
INFO:root:2012:09:12 14:58:22: Metadata for stratfor.pcap MD5: 54e94e8de277203da8b16f0b6893c32b added to database
INFO:root:2012:09:12 14:58:22: Metadata for pic.jpg MD5: 01ba15213ea2a77410514078a6c26220 added to database
INFO:root:2012:09:12 14:58:22: Metadata for RemovalTool.exe.1 MD5: ebb4ac5bb30b93e38a02683e3e7c98c6 added to database
INFO:root:2012:09:12 14:58:22: Metadata for loader.php MD5: 6e1d46f347ad30ff4c156c78333b9db0 added to database
INFO:root:2012:09:12 14:58:23: Metadata for My Documents.zip MD5: adc3657b51c08dcbfc349074da610c7a added to database
INFO:root:2012:09:12 14:58:23: Metadata for Digital Signature Validation.rar MD5: 7818a4a7d64b1be136e0382cf028226b added to database
INFO:root:2012:09:12 14:58:23: Metadata for GoogleUpd.exe MD5: 7a95079d919ba6e97ead7d23572693ca added to database
INFO:root:2012:09:12 14:58:23: Metadata for PI2.3.2.rar MD5: d5ccc183a9c3385b440523aad7698d11 added to database
INFO:root:2012:09:12 14:58:23: Metadata for wekby_16320.pcap MD5: 020ba7b67510999a130ba20d9824ee3f added to database
INFO:root:2012:09:12 14:58:23: Metadata for regshotinc2343.txt MD5: 97d1cf57a7bb99338029926f485d687a added to database
INFO:root:2012:09:12 14:58:23: Metadata for sexy_ioc.txt MD5: a7b279629601ab23e56500268cb8f47f added to database
INFO:root:2012:09:12 14:58:23: Metadata for depends.dll MD5: e72eff1b793fe064f068e715efb1b5cd added to database
INFO:root:2012:09:12 14:58:24: Metadata for lynx.html MD5: 25b980771ddaff70c85ccd7af3111a67 added to database
INFO:root:2012:09:12 14:58:24: Metadata for whatsnew.html MD5: d93caa806b81804d46b305b26485e2e5 added to database
INFO:root:2012:09:12 14:58:24: Metadata for Jaguar.html MD5: e1a4acbee7f1757eec4b87b3773fc67e added to database
INFO:root:2012:09:12 14:58:24: Metadata for training.html MD5: 85b59044dce456b3868990e531ae93c5 added to database
INFO:root:2012:09:12 14:58:24: Metadata for products.html MD5: d8e27310ccc002417758af1bd25ed5bc added to database
INFO:root:2012:09:12 14:58:24: Metadata for cougar-XT.html MD5: 050e72f3b135a3f514938b7ed286fed3 added to database
INFO:root:2012:09:12 14:58:24: Metadata for scripts.js MD5: 835a201254fe490a25e93b8f5089a6d0 added to database
INFO:root:2012:09:12 14:58:24: Metadata for index.html MD5: 2239e4a6da814a2f7de6ec85ae30fa4b added to database
INFO:root:2012:09:12 14:58:24: Metadata for panther-xt-PLUS.html MD5: caf3770d9cb60b21061dec8c15906de9 added to database
INFO:root:2012:09:12 14:58:25: Metadata for distributors.html MD5: 448cb151ee2eb79c40e5bb33496aef2b added to database
INFO:root:2012:09:12 14:58:25: Metadata for careers.html MD5: 79a277816a5d434f25165f274f9e3f79 added to database
INFO:root:2012:09:12 14:58:25: Metadata for cougar-XTi.html MD5: 3b5991f6e8ff2744a860f434430defa5 added to database
INFO:root:2012:09:12 14:58:25: Metadata for jaguar.html MD5: 7f868288500f405fec856e2c92aaacdb added to database
INFO:root:2012:09:12 14:58:25: Metadata for faq.htm MD5: 482facda25d53e1aa7fefb9d307100d6 added to database
INFO:root:2012:09:12 14:58:25: Metadata for tiger.html MD5: 8db07e820728c37f3284a8cded2aa285 added to database
INFO:root:2012:09:12 14:58:25: Metadata for contact.html MD5: 680ff34c68141eb5e4623fc676e94807 added to database
INFO:root:2012:09:12 14:58:25: Metadata for search.php MD5: 96662df1d3fe156e6d44877110f76a3d added to database
INFO:root:2012:09:12 14:58:25: Metadata for register.html MD5: 55e2103f41b06e1c445e10932ba7e586 added to database
INFO:root:2012:09:12 14:58:26: Metadata for popup.js MD5: ae75bfc77e8b982d71e1cfad404cbe5a added to database
INFO:root:2012:09:12 14:58:26: Metadata for exhibitions.html MD5: f4b991ce0be0e8f077d383e1960cebc0 added to database
INFO:root:2012:09:12 14:58:26: Metadata for robots.txt MD5: b0d55b2b3e61e19d2a6e5b324ce15f51 added to database
INFO:root:Starting Midas with the following args: {'move': None, 'logs': './midas.log', 'yararules': './midasyararules.yar', 'sleep': 15, 'Path': '../Desktop/VirtualBox_Share/', 'SSDeep': False, 'fullyara': False, 'delete': False}
INFO:root:2012:09:12 15:03:29: Metadata for watchmen_ioc.txt MD5: 5794b5d73d67c9ec4a17026fc25bba81 added to database
INFO:root:2012:09:12 15:03:29: Metadata for 2463.pcap MD5: 21f05fb4940ee39bc5b8a8d13ced67eb added to database
INFO:root:2012:09:12 15:03:29: Metadata for INC-2484-stage1-malware.zip MD5: 62927e8be32bed5d86cdb045a282a948 added to database
INFO:root:2012:09:12 15:03:29: Metadata for sexy_ioc.rar MD5: 5af9b7a7d60897c7addede09c5c151cf added to database
INFO:root:2012:09:12 15:03:29: Metadata for TYBRIN_Dropped_Malware.rar MD5: f72ac6d213485338f093fc00d0ed970f added to database
INFO:root:2012:09:12 15:03:29: Metadata for image‮fdp..scr MD5: dd9990e685f8250e48ad0f8cbfa4839a added to database
INFO:root:2012:09:12 15:03:29: Metadata for wsusservice.dll MD5: 92d37a92138659fa75f45ccb87242910 added to database
INFO:root:2012:09:12 15:03:29: Metadata for KB2690533.exe MD5: 1782ecc4911dff3ca2854b4b3957127e added to database
INFO:root:2012:09:12 15:03:30: Metadata for INC-2343_IOCS.rar MD5: 409dc43bba189cd8e07325ee13b6a0b2 added to database
INFO:root:2012:09:12 15:03:30: Metadata for 88139144411-5-4_attach.1.Chinese Invasion of Vietnam.doc MD5: 5a29a442936b5fa4982293ba7567aa39 added to database
INFO:root:2012:09:12 15:03:30: Metadata for INC-2427_Malware.rar MD5: cd1f0c54b917789e5dc62721e40add54 added to database
INFO:root:2012:09:12 15:03:30: Metadata for Adobe Flash Player (Non-IE)_v11.3.300.270.exe MD5: c254cb5c4ab62dcbb30d9ce6c1a217c9 added to database
INFO:root:2012:09:12 15:03:30: Metadata for ESSM.zip MD5: ddc9039eae11b28ca22f4d76c557ff65 added to database
INFO:root:2012:09:12 15:03:30: Metadata for running_mate.pcap MD5: d2c6ca2cc453acee4d017a00fb90cd7d added to database
INFO:root:2012:09:12 15:03:30: Metadata for Digital Signature Validation.rar (application\rar) 112K.desktop MD5: af5a38f11ec255510dcf08aa1cc7865d added to database
INFO:root:2012:09:12 15:03:30: Metadata for insitu.pcap MD5: 15800e67035101a2d3993aad3d725489 added to database
INFO:root:2012:09:12 15:03:30: Metadata for payment slip.rar MD5: 571c4d9689e08509f1af06233b38f060 added to database
INFO:root:2012:09:12 15:03:31: Metadata for 2461.pcap MD5: 129bab4e7040f2fa370cee8f6034cee5 added to database
INFO:root:2012:09:12 15:03:31: Metadata for wekbyPivy.txt MD5: 99e2ed21c48486a5a0912eeaee2f70da added to database
INFO:root:2012:09:12 15:03:31: Metadata for sexy.pcap MD5: 862056bc18403d3a373a44ed8dfa88bd added to database
INFO:root:2012:09:12 15:03:31: Metadata for Adobe Flash Player (IE)_v11.3.300.270.exe MD5: cc6793cf5c329ebcd33321d0d1d00131 added to database
INFO:root:2012:09:12 15:03:31: Metadata for flash.exe MD5: 92a518a516f15b7140edd8758d062933 added to database
INFO:root:2012:09:12 15:03:31: Metadata for PO-3724-MALWARE.rar MD5: 8b1c849a590519cf70e7e1cc5bbe6580 added to database
INFO:root:2012:09:12 15:03:31: Metadata for index.html MD5: e94944ecce0786cb5794d7f58695e9c6 added to database
INFO:root:2012:09:12 15:03:31: Metadata for fakeDNS.exe MD5: 8dc65a70eba3deed35286c38794ef4c2 added to database
INFO:root:2012:09:12 15:03:31: Metadata for TYBRIN_Malware_and_Pcap.zip MD5: cc6a2e1ab63a5b4e398eb91a1aa01e05 added to database
INFO:root:2012:09:12 15:03:31: Metadata for INC-2484--Stage2---MALWARE.rar MD5: d552c59358e93db0575e815dda1ec149 added to database
INFO:root:2012:09:12 15:03:32: Metadata for iexplore.dmp MD5: 87d72528e43372bf10ed5d788ac84948 added to database
INFO:root:2012:09:12 15:03:32: Metadata for 88139144411-5-4_attach.2.Vietnam vs China Naval Buildup.doc MD5: 9ca8713313bf46d7a3773cda8ffe191d added to database
INFO:root:2012:09:12 15:03:32: Metadata for payment_slip_2.rar MD5: 35f24e43cfcc7a5a9abbd5c5ea9ee7ed added to database
INFO:root:2012:09:12 15:03:32: Metadata for sexy_malware_.rar MD5: 988eb1986d634e0fcf735f1041f79cac added to database
INFO:root:2012:09:12 15:03:32: Metadata for tyn.pcap MD5: 5e3ae976b570def3ad9d4f803186b27c added to database
INFO:root:2012:09:12 15:03:32: Metadata for Claws Annual Report  2011-12_v0.2_Latest.doc MD5: b2c6e6758be86b92a47268b7a338cc8d added to database
INFO:root:2012:09:12 15:03:32: Metadata for jre-7u6-windows-i586.exe MD5: 48f54897524910ce60fba3e124ae7ead added to database
INFO:root:2012:09:12 15:03:32: Metadata for RemovalTool.exe MD5: ebb4ac5bb30b93e38a02683e3e7c98c6 added to database
INFO:root:2012:09:12 15:03:32: Metadata for inc-2484_stage1_inetsim.pcap MD5: 9686b6f31b10f050a679ec566521f492 added to database
INFO:root:2012:09:12 15:03:33: Metadata for AdbeRdr1000_en_US.exe MD5: 287c7918c55385b63602cb9737068ed9 added to database
INFO:root:2012:09:12 15:03:33: Metadata for CIT_2012.rar MD5: ce223c811079249f895ccb02a4697355 added to database
INFO:root:2012:09:12 15:03:33: Metadata for watchmen_dropbox_memdump_strings.txt MD5: 07e9cb98607c7915fa8070277e8ceb6a added to database
WARNING:root:2012:09:12 15:03:33: Yara Matches for inc_2343_dropped_pdf_benign.pdf: [MetaData_PDF_Test, MetaData_Author_OracleReports_Test] MD5: 32d29ee5d36373a775c8f0776b2395bc
INFO:root:2012:09:12 15:03:33: Metadata for inc_2343_dropped_pdf_benign.pdf MD5: 32d29ee5d36373a775c8f0776b2395bc added to database
INFO:root:2012:09:12 15:03:33: Metadata for AD3AA76DD54F6BE847B927855BE16C61-Running Mate.doc MD5: ad3aa76dd54f6be847b927855be16c61 added to database
INFO:root:2012:09:12 15:03:33: Metadata for INC-2343_Post_Pcap.pcap MD5: d7cb9bdf08f962c6eb29540ccc4c7a07 added to database
INFO:root:2012:09:12 15:03:33: Metadata for PO-3724-pcap.pcap MD5: 73a30d458c5493575409ecafde89f088 added to database
INFO:root:2012:09:12 15:03:33: Metadata for 2641_Claws_Malware.rar MD5: e144f982a13a719d3b1429dca391408a added to database
INFO:root:2012:09:12 15:03:33: Metadata for Malware_163200.zip MD5: 319fd6e07e40d69bb2a00a8c3cb7654b added to database
INFO:root:2012:09:12 15:03:34: Metadata for CaptureBAT-Setup-2.0.0-5574.exe MD5: c1894e46ffe89be6ca35729d9dab6145 added to database
INFO:root:2012:09:12 15:03:34: Metadata for New WinRAR archive.rar MD5: ad08fe53a5e484ea568d60544ef3f05c added to database
INFO:root:2012:09:12 15:03:34: Metadata for Flashfxp.exe MD5: 01ec264b82d938b5d7fdd6a51d73decd added to database
INFO:root:2012:09:12 15:03:34: Metadata for inc-2484_Stage2_3.pcap MD5: 428ade5e8394cfd64bd5e2381b232241 added to database
INFO:root:2012:09:12 15:03:34: Metadata for ntlwr_folio_logo_mpg‮fdp.scr MD5: 95ccceb4b2d75c561d3cf16994c912c1 added to database
INFO:root:2012:09:12 15:03:34: Metadata for watchmen_dropbox_malware.rar MD5: 49eaeef7eebadbfbccb30327af039fe7 added to database
INFO:root:2012:09:12 15:03:34: Metadata for depends.exe MD5: b6051fdab7dc811a2d6be64a1579c735 added to database
INFO:root:2012:09:12 15:03:34: Metadata for watchmen_dropbox_stage2.pcap MD5: fd899b9cec806d1411d3a6501f270179 added to database
INFO:root:Starting Midas with the following args: {'move': None, 'logs': './midas.log', 'yararules': './midasyararules.yar', 'sleep': 15, 'Path': '../Desktop/VirtualBox_Share/', 'SSDeep': False, 'fullyara': False, 'delete': False}
INFO:root:2012:09:12 15:04:36: Metadata for watchmen_ioc.txt MD5: 5794b5d73d67c9ec4a17026fc25bba81 added to database
INFO:root:2012:09:12 15:04:36: Metadata for 2463.pcap MD5: 21f05fb4940ee39bc5b8a8d13ced67eb added to database
INFO:root:2012:09:12 15:04:36: Metadata for INC-2484-stage1-malware.zip MD5: 62927e8be32bed5d86cdb045a282a948 added to database
INFO:root:2012:09:12 15:04:36: Metadata for sexy_ioc.rar MD5: 5af9b7a7d60897c7addede09c5c151cf added to database
INFO:root:2012:09:12 15:04:36: Metadata for TYBRIN_Dropped_Malware.rar MD5: f72ac6d213485338f093fc00d0ed970f added to database
INFO:root:2012:09:12 15:04:36: Metadata for image‮fdp..scr MD5: dd9990e685f8250e48ad0f8cbfa4839a added to database
INFO:root:2012:09:12 15:04:36: Metadata for wsusservice.dll MD5: 92d37a92138659fa75f45ccb87242910 added to database
INFO:root:2012:09:12 15:04:36: Metadata for KB2690533.exe MD5: 1782ecc4911dff3ca2854b4b3957127e added to database
INFO:root:2012:09:12 15:04:36: Metadata for INC-2343_IOCS.rar MD5: 409dc43bba189cd8e07325ee13b6a0b2 added to database
INFO:root:2012:09:12 15:04:37: Metadata for 88139144411-5-4_attach.1.Chinese Invasion of Vietnam.doc MD5: 5a29a442936b5fa4982293ba7567aa39 added to database
INFO:root:2012:09:12 15:04:37: Metadata for INC-2427_Malware.rar MD5: cd1f0c54b917789e5dc62721e40add54 added to database
INFO:root:2012:09:12 15:04:37: Metadata for Adobe Flash Player (Non-IE)_v11.3.300.270.exe MD5: c254cb5c4ab62dcbb30d9ce6c1a217c9 added to database
INFO:root:2012:09:12 15:04:37: Metadata for ESSM.zip MD5: ddc9039eae11b28ca22f4d76c557ff65 added to database
INFO:root:2012:09:12 15:04:37: Metadata for running_mate.pcap MD5: d2c6ca2cc453acee4d017a00fb90cd7d added to database
INFO:root:2012:09:12 15:04:37: Metadata for Digital Signature Validation.rar (application\rar) 112K.desktop MD5: af5a38f11ec255510dcf08aa1cc7865d added to database
INFO:root:2012:09:12 15:04:37: Metadata for insitu.pcap MD5: 15800e67035101a2d3993aad3d725489 added to database
INFO:root:2012:09:12 15:04:37: Metadata for payment slip.rar MD5: 571c4d9689e08509f1af06233b38f060 added to database
INFO:root:2012:09:12 15:04:37: Metadata for 2461.pcap MD5: 129bab4e7040f2fa370cee8f6034cee5 added to database
INFO:root:2012:09:12 15:04:38: Metadata for wekbyPivy.txt MD5: 99e2ed21c48486a5a0912eeaee2f70da added to database
INFO:root:2012:09:12 15:04:38: Metadata for sexy.pcap MD5: 862056bc18403d3a373a44ed8dfa88bd added to database
INFO:root:2012:09:12 15:04:38: Metadata for Adobe Flash Player (IE)_v11.3.300.270.exe MD5: cc6793cf5c329ebcd33321d0d1d00131 added to database
INFO:root:2012:09:12 15:04:38: Metadata for flash.exe MD5: 92a518a516f15b7140edd8758d062933 added to database
INFO:root:2012:09:12 15:04:38: Metadata for PO-3724-MALWARE.rar MD5: 8b1c849a590519cf70e7e1cc5bbe6580 added to database
INFO:root:2012:09:12 15:04:38: Metadata for index.html MD5: e94944ecce0786cb5794d7f58695e9c6 added to database
INFO:root:2012:09:12 15:04:38: Metadata for fakeDNS.exe MD5: 8dc65a70eba3deed35286c38794ef4c2 added to database
INFO:root:2012:09:12 15:04:38: Metadata for TYBRIN_Malware_and_Pcap.zip MD5: cc6a2e1ab63a5b4e398eb91a1aa01e05 added to database
INFO:root:2012:09:12 15:04:38: Metadata for INC-2484--Stage2---MALWARE.rar MD5: d552c59358e93db0575e815dda1ec149 added to database
INFO:root:2012:09:12 15:04:38: Metadata for iexplore.dmp MD5: 87d72528e43372bf10ed5d788ac84948 added to database
INFO:root:2012:09:12 15:04:39: Metadata for 88139144411-5-4_attach.2.Vietnam vs China Naval Buildup.doc MD5: 9ca8713313bf46d7a3773cda8ffe191d added to database
INFO:root:2012:09:12 15:04:39: Metadata for payment_slip_2.rar MD5: 35f24e43cfcc7a5a9abbd5c5ea9ee7ed added to database
INFO:root:2012:09:12 15:04:39: Metadata for sexy_malware_.rar MD5: 988eb1986d634e0fcf735f1041f79cac added to database
INFO:root:2012:09:12 15:04:39: Metadata for tyn.pcap MD5: 5e3ae976b570def3ad9d4f803186b27c added to database
INFO:root:2012:09:12 15:04:39: Metadata for Claws Annual Report  2011-12_v0.2_Latest.doc MD5: b2c6e6758be86b92a47268b7a338cc8d added to database
INFO:root:2012:09:12 15:04:39: Metadata for jre-7u6-windows-i586.exe MD5: 48f54897524910ce60fba3e124ae7ead added to database
INFO:root:2012:09:12 15:04:39: Metadata for RemovalTool.exe MD5: ebb4ac5bb30b93e38a02683e3e7c98c6 added to database
INFO:root:2012:09:12 15:04:39: Metadata for inc-2484_stage1_inetsim.pcap MD5: 9686b6f31b10f050a679ec566521f492 added to database
INFO:root:2012:09:12 15:04:40: Metadata for AdbeRdr1000_en_US.exe MD5: 287c7918c55385b63602cb9737068ed9 added to database
INFO:root:2012:09:12 15:04:40: Metadata for CIT_2012.rar MD5: ce223c811079249f895ccb02a4697355 added to database
INFO:root:2012:09:12 15:04:40: Metadata for watchmen_dropbox_memdump_strings.txt MD5: 07e9cb98607c7915fa8070277e8ceb6a added to database
WARNING:root:2012:09:12 15:04:40: Yara Matches for inc_2343_dropped_pdf_benign.pdf: [MetaData_PDF_Test, MetaData_Author_OracleReports_Test] MD5: 32d29ee5d36373a775c8f0776b2395bc
INFO:root:2012:09:12 15:04:40: Metadata for inc_2343_dropped_pdf_benign.pdf MD5: 32d29ee5d36373a775c8f0776b2395bc added to database
INFO:root:2012:09:12 15:04:40: Metadata for AD3AA76DD54F6BE847B927855BE16C61-Running Mate.doc MD5: ad3aa76dd54f6be847b927855be16c61 added to database
INFO:root:2012:09:12 15:04:40: Metadata for INC-2343_Post_Pcap.pcap MD5: d7cb9bdf08f962c6eb29540ccc4c7a07 added to database
INFO:root:2012:09:12 15:04:40: Metadata for PO-3724-pcap.pcap MD5: 73a30d458c5493575409ecafde89f088 added to database
INFO:root:2012:09:12 15:04:40: Metadata for 2641_Claws_Malware.rar MD5: e144f982a13a719d3b1429dca391408a added to database
INFO:root:2012:09:12 15:04:40: Metadata for Malware_163200.zip MD5: 319fd6e07e40d69bb2a00a8c3cb7654b added to database
INFO:root:2012:09:12 15:04:40: Metadata for CaptureBAT-Setup-2.0.0-5574.exe MD5: c1894e46ffe89be6ca35729d9dab6145 added to database
INFO:root:2012:09:12 15:04:41: Metadata for New WinRAR archive.rar MD5: ad08fe53a5e484ea568d60544ef3f05c added to database
INFO:root:2012:09:12 15:04:41: Metadata for Flashfxp.exe MD5: 01ec264b82d938b5d7fdd6a51d73decd added to database
INFO:root:2012:09:12 15:04:41: Metadata for inc-2484_Stage2_3.pcap MD5: 428ade5e8394cfd64bd5e2381b232241 added to database
INFO:root:2012:09:12 15:04:41: Metadata for ntlwr_folio_logo_mpg‮fdp.scr MD5: 95ccceb4b2d75c561d3cf16994c912c1 added to database
INFO:root:2012:09:12 15:04:41: Metadata for watchmen_dropbox_malware.rar MD5: 49eaeef7eebadbfbccb30327af039fe7 added to database
INFO:root:2012:09:12 15:04:41: Metadata for depends.exe MD5: b6051fdab7dc811a2d6be64a1579c735 added to database
INFO:root:2012:09:12 15:04:41: Metadata for watchmen_dropbox_stage2.pcap MD5: fd899b9cec806d1411d3a6501f270179 added to database
INFO:root:2012:09:12 15:04:43: Metadata for memdumpwin7.mem MD5: 9e5ff57e93a1a2ceeb5a482c13c08681 added to database
INFO:root:2012:09:12 15:04:44: Metadata for BT5R3-GNOME-VM-32.7z MD5: ad8628e0f07cdba571c27c75202ec40e added to database
INFO:root:2012:09:12 15:04:45: Metadata for sushi_roll_stage1_comms_openinet.txt MD5: 789f0015ae0109d279a506c6ce069b4d added to database
INFO:root:2012:09:12 15:04:45: Metadata for New Text Document.txt MD5: 2f7c95bacf81a07cbac0da3f4a24d6c7 added to database
INFO:root:2012:09:12 15:04:45: Metadata for depends.chm MD5: d23e88eb8928034285595fe5d67485a0 added to database
INFO:root:2012:09:12 15:04:45: Metadata for compromised_sushi_roll_oday.pcap MD5: ff5eb285cb817087cf68171a6b12183c added to database
INFO:root:2012:09:12 15:04:45: Metadata for GoogleConnect.exe.txt MD5: e8578f6423371e3e1539e1d0e097e992 added to database
INFO:root:2012:09:12 15:04:45: Metadata for INC-2343_Malware.rar MD5: df3ca5eee2360b5d180924a1bb385f27 added to database
INFO:root:2012:09:12 15:04:45: Metadata for 2012.zip MD5: 29a4a0789f82ca7c6523de8b5bb85c89 added to database
INFO:root:2012:09:12 15:04:45: Metadata for APPLICATIONS ARE INVITED FOR THE FACULTY POSITIONS.rar MD5: 72e995af3d0843a5e4c90299bf3f3af4 added to database
INFO:root:2012:09:12 15:04:45: Metadata for watchmen_dropbox.pcap MD5: 425396fcb89a040cbd4011c78799af08 added to database
INFO:root:2012:09:12 15:04:45: Metadata for high speed_5.rar MD5: 2832187e514d4c43817824fcbdb3944e added to database
INFO:root:2012:09:12 15:04:45: Metadata for p_exe MD5: d4eb44cfb5dcced20d46ae015631859e added to database
INFO:root:2012:09:12 15:04:46: Metadata for AdbeRdr940_en_US.exe MD5: 79a173a6f2b99c2664f4890617669902 added to database
INFO:root:2012:09:12 15:04:46: Metadata for F0E019.exe MD5: 41fb5bc3e0583c188112d3e37c22cea7 added to database
WARNING:root:2012:09:12 15:04:46: Yara Matches for HR_Summit_web.pdf: [MetaData_PDF_Test] MD5: 101c15e96c05c6ef289962f49f6dae87
INFO:root:2012:09:12 15:04:46: Metadata for HR_Summit_web.pdf MD5: 101c15e96c05c6ef289962f49f6dae87 added to database
INFO:root:2012:09:12 15:04:46: Metadata for ~$139144411-5-4_attach.2.Vietnam vs China Naval Buildup.doc MD5: 2473fd45f503e7eb012ed6d5ccae270b added to database
INFO:root:2012:09:12 15:04:46: Metadata for INC-1896_Malware.rar MD5: d13dfdf24fc1542253bb3e90161dd7bf added to database
INFO:root:2012:09:12 15:04:46: Metadata for D512D9544907A3589EBA64F196AEC0D7-TYBRIN Project Review Report_Aug 12.doc MD5: d512d9544907a3589eba64f196aec0d7 added to database
INFO:root:2012:09:12 15:04:46: Metadata for install_flash_player_ax.exe MD5: e2dc9a381d0d09be527bfbdc3193df44 added to database
INFO:root:2012:09:12 15:04:46: Metadata for stratfor.rar MD5: 3e3f38723aaa988fb1ee004b29dc03af added to database
INFO:root:2012:09:12 15:04:47: Metadata for ~$139144411-5-4_attach.1.Chinese Invasion of Vietnam.doc MD5: 2473fd45f503e7eb012ed6d5ccae270b added to database
INFO:root:2012:09:12 15:04:47: Metadata for stratfor.pcap MD5: 54e94e8de277203da8b16f0b6893c32b added to database
INFO:root:2012:09:12 15:04:47: Metadata for pic.jpg MD5: 01ba15213ea2a77410514078a6c26220 added to database
INFO:root:2012:09:12 15:04:47: Metadata for RemovalTool.exe.1 MD5: ebb4ac5bb30b93e38a02683e3e7c98c6 added to database
INFO:root:2012:09:12 15:04:47: Metadata for loader.php MD5: 6e1d46f347ad30ff4c156c78333b9db0 added to database
INFO:root:2012:09:12 15:04:47: Metadata for My Documents.zip MD5: adc3657b51c08dcbfc349074da610c7a added to database
INFO:root:2012:09:12 15:04:47: Metadata for Digital Signature Validation.rar MD5: 7818a4a7d64b1be136e0382cf028226b added to database
INFO:root:2012:09:12 15:04:47: Metadata for GoogleUpd.exe MD5: 7a95079d919ba6e97ead7d23572693ca added to database
INFO:root:2012:09:12 15:04:47: Metadata for PI2.3.2.rar MD5: d5ccc183a9c3385b440523aad7698d11 added to database
INFO:root:2012:09:12 15:04:47: Metadata for wekby_16320.pcap MD5: 020ba7b67510999a130ba20d9824ee3f added to database
INFO:root:Starting Midas with the following args: {'move': None, 'logs': './midas.log', 'yararules': './midasyararules.yar', 'sleep': 15, 'Path': '../2', 'SSDeep': True, 'fullyara': True, 'delete': False}
INFO:root:2012:09:12 15:06:08: Metadata for july.swf MD5: ac97a9244a331ffd1f695d1a99485e5d added to database
WARNING:root:2012:09:12 15:06:08: Yara Matches for 2.pdf: [MetaData_PDF_Test] MD5: 101c15e96c05c6ef289962f49f6dae87
INFO:root:2012:09:12 15:06:08: Metadata for 2.pdf MD5: 101c15e96c05c6ef289962f49f6dae87 added to database
WARNING:root:2012:09:12 15:06:09: Yara Matches for 1.pdf: [MetaData_PDF_Test, MetaData_Author_OracleReports_Test] MD5: 32d29ee5d36373a775c8f0776b2395bc
INFO:root:2012:09:12 15:06:09: Metadata for 1.pdf MD5: 32d29ee5d36373a775c8f0776b2395bc added to database
WARNING:root:2012:09:12 15:06:09: Yara Matches for testinsidefile.txt: [Insidefile_String_Test] MD5: b94acaa6ebe49ad77321c5b9048e7f0e
INFO:root:2012:09:12 15:06:09: Metadata for testinsidefile.txt MD5: b94acaa6ebe49ad77321c5b9048e7f0e added to database
INFO:root:2012:09:12 15:06:24: Metadata for july.swf MD5: ac97a9244a331ffd1f695d1a99485e5d added to database
WARNING:root:2012:09:12 15:06:24: Yara Matches for 2.pdf: [MetaData_PDF_Test] MD5: 101c15e96c05c6ef289962f49f6dae87
INFO:root:2012:09:12 15:06:24: Metadata for 2.pdf MD5: 101c15e96c05c6ef289962f49f6dae87 added to database
WARNING:root:2012:09:12 15:06:24: Yara Matches for 1.pdf: [MetaData_PDF_Test, MetaData_Author_OracleReports_Test] MD5: 32d29ee5d36373a775c8f0776b2395bc
INFO:root:2012:09:12 15:06:24: Metadata for 1.pdf MD5: 32d29ee5d36373a775c8f0776b2395bc added to database
WARNING:root:2012:09:12 15:06:24: Yara Matches for testinsidefile.txt: [Insidefile_String_Test] MD5: b94acaa6ebe49ad77321c5b9048e7f0e
INFO:root:2012:09:12 15:06:24: Metadata for testinsidefile.txt MD5: b94acaa6ebe49ad77321c5b9048e7f0e added to database
